mode: set
github.com/drblury/protoflow/internal/runtime/cloudevents_api.go:42.48,43.33 1 0
github.com/drblury/protoflow/internal/runtime/cloudevents_api.go:43.33,45.3 1 0
github.com/drblury/protoflow/internal/runtime/cloudevents_api.go:49.60,50.33 1 0
github.com/drblury/protoflow/internal/runtime/cloudevents_api.go:50.33,52.3 1 0
github.com/drblury/protoflow/internal/runtime/cloudevents_api.go:56.50,57.33 1 0
github.com/drblury/protoflow/internal/runtime/cloudevents_api.go:57.33,59.3 1 0
github.com/drblury/protoflow/internal/runtime/cloudevents_api.go:63.57,64.33 1 0
github.com/drblury/protoflow/internal/runtime/cloudevents_api.go:64.33,65.26 1 0
github.com/drblury/protoflow/internal/runtime/cloudevents_api.go:65.26,67.4 1 0
github.com/drblury/protoflow/internal/runtime/cloudevents_api.go:68.3,68.28 1 0
github.com/drblury/protoflow/internal/runtime/cloudevents_api.go:73.45,74.33 1 0
github.com/drblury/protoflow/internal/runtime/cloudevents_api.go:74.33,76.3 1 0
github.com/drblury/protoflow/internal/runtime/cloudevents_api.go:80.58,81.33 1 0
github.com/drblury/protoflow/internal/runtime/cloudevents_api.go:81.33,84.3 2 0
github.com/drblury/protoflow/internal/runtime/cloudevents_api.go:88.60,89.33 1 0
github.com/drblury/protoflow/internal/runtime/cloudevents_api.go:89.33,91.3 1 0
github.com/drblury/protoflow/internal/runtime/cloudevents_api.go:95.73,96.14 1 0
github.com/drblury/protoflow/internal/runtime/cloudevents_api.go:96.14,98.3 1 0
github.com/drblury/protoflow/internal/runtime/cloudevents_api.go:99.2,99.24 1 0
github.com/drblury/protoflow/internal/runtime/cloudevents_api.go:99.24,101.3 1 0
github.com/drblury/protoflow/internal/runtime/cloudevents_api.go:104.2,104.39 1 0
github.com/drblury/protoflow/internal/runtime/cloudevents_api.go:104.39,106.3 1 0
github.com/drblury/protoflow/internal/runtime/cloudevents_api.go:109.2,110.16 2 0
github.com/drblury/protoflow/internal/runtime/cloudevents_api.go:110.16,112.3 1 0
github.com/drblury/protoflow/internal/runtime/cloudevents_api.go:114.2,114.16 1 0
github.com/drblury/protoflow/internal/runtime/cloudevents_api.go:114.16,116.3 1 0
github.com/drblury/protoflow/internal/runtime/cloudevents_api.go:119.2,120.40 2 0
github.com/drblury/protoflow/internal/runtime/cloudevents_api.go:124.99,125.15 1 0
github.com/drblury/protoflow/internal/runtime/cloudevents_api.go:125.15,127.3 1 0
github.com/drblury/protoflow/internal/runtime/cloudevents_api.go:128.2,128.33 1 0
github.com/drblury/protoflow/internal/runtime/cloudevents_api.go:133.117,137.2 3 0
github.com/drblury/protoflow/internal/runtime/cloudevents_api.go:140.143,144.2 3 0
github.com/drblury/protoflow/internal/runtime/cloudevents_api.go:146.63,148.27 2 0
github.com/drblury/protoflow/internal/runtime/cloudevents_api.go:148.27,150.3 1 0
github.com/drblury/protoflow/internal/runtime/cloudevents_api.go:152.2,152.23 1 0
github.com/drblury/protoflow/internal/runtime/cloudevents_api.go:152.23,154.3 1 0
github.com/drblury/protoflow/internal/runtime/cloudevents_api.go:155.2,155.31 1 0
github.com/drblury/protoflow/internal/runtime/cloudevents_api.go:155.31,157.3 1 0
github.com/drblury/protoflow/internal/runtime/cloudevents_api.go:158.2,158.26 1 0
github.com/drblury/protoflow/internal/runtime/cloudevents_api.go:158.26,160.3 1 0
github.com/drblury/protoflow/internal/runtime/cloudevents_api.go:161.2,161.24 1 0
github.com/drblury/protoflow/internal/runtime/cloudevents_api.go:161.24,163.3 1 0
github.com/drblury/protoflow/internal/runtime/cloudevents_api.go:164.2,164.22 1 0
github.com/drblury/protoflow/internal/runtime/cloudevents_api.go:164.22,166.3 1 0
github.com/drblury/protoflow/internal/runtime/cloudevents_api.go:167.2,167.23 1 0
github.com/drblury/protoflow/internal/runtime/cloudevents_api.go:167.23,169.3 1 0
github.com/drblury/protoflow/internal/runtime/cloudevents_api.go:170.2,170.28 1 0
github.com/drblury/protoflow/internal/runtime/cloudevents_api.go:170.28,172.3 1 0
github.com/drblury/protoflow/internal/runtime/cloudevents_api.go:173.2,173.34 1 0
github.com/drblury/protoflow/internal/runtime/cloudevents_api.go:173.34,174.28 1 0
github.com/drblury/protoflow/internal/runtime/cloudevents_api.go:174.28,176.4 1 0
github.com/drblury/protoflow/internal/runtime/cloudevents_api.go:177.3,177.24 1 0
github.com/drblury/protoflow/internal/runtime/cloudevents_api.go:183.79,184.14 1 0
github.com/drblury/protoflow/internal/runtime/cloudevents_api.go:184.14,186.3 1 0
github.com/drblury/protoflow/internal/runtime/cloudevents_api.go:187.2,187.20 1 0
github.com/drblury/protoflow/internal/runtime/cloudevents_api.go:187.20,189.3 1 0
github.com/drblury/protoflow/internal/runtime/cloudevents_api.go:190.2,190.21 1 0
github.com/drblury/protoflow/internal/runtime/cloudevents_api.go:190.21,192.3 1 0
github.com/drblury/protoflow/internal/runtime/cloudevents_api.go:194.2,214.12 7 0
github.com/drblury/protoflow/internal/runtime/cloudevents_api.go:218.111,219.42 1 0
github.com/drblury/protoflow/internal/runtime/cloudevents_api.go:219.42,221.17 2 0
github.com/drblury/protoflow/internal/runtime/cloudevents_api.go:221.17,223.4 1 0
github.com/drblury/protoflow/internal/runtime/cloudevents_api.go:226.3,235.66 4 0
github.com/drblury/protoflow/internal/runtime/cloudevents_api.go:240.135,243.16 2 0
github.com/drblury/protoflow/internal/runtime/cloudevents_api.go:244.20,246.13 1 0
github.com/drblury/protoflow/internal/runtime/cloudevents_api.go:248.21,254.13 2 0
github.com/drblury/protoflow/internal/runtime/cloudevents_api.go:256.22,258.33 1 0
github.com/drblury/protoflow/internal/runtime/cloudevents_api.go:258.33,260.4 1 0
github.com/drblury/protoflow/internal/runtime/cloudevents_api.go:262.3,262.13 1 0
github.com/drblury/protoflow/internal/runtime/cloudevents_api.go:264.27,266.33 1 0
github.com/drblury/protoflow/internal/runtime/cloudevents_api.go:266.33,268.4 1 0
github.com/drblury/protoflow/internal/runtime/cloudevents_api.go:271.3,272.25 2 0
github.com/drblury/protoflow/internal/runtime/cloudevents_api.go:272.25,275.57 2 0
github.com/drblury/protoflow/internal/runtime/cloudevents_api.go:275.57,281.5 2 0
github.com/drblury/protoflow/internal/runtime/cloudevents_api.go:282.4,282.14 1 0
github.com/drblury/protoflow/internal/runtime/cloudevents_api.go:286.3,286.13 1 0
github.com/drblury/protoflow/internal/runtime/cloudevents_api.go:288.27,289.58 1 0
github.com/drblury/protoflow/internal/runtime/cloudevents_api.go:291.10,292.13 1 0
github.com/drblury/protoflow/internal/runtime/cloudevents_api.go:297.110,312.55 4 0
github.com/drblury/protoflow/internal/runtime/cloudevents_api.go:312.55,319.3 2 0
github.com/drblury/protoflow/internal/runtime/cloudevents_api.go:322.2,322.12 1 0
github.com/drblury/protoflow/internal/runtime/cloudevents_api.go:326.72,327.31 1 0
github.com/drblury/protoflow/internal/runtime/cloudevents_api.go:327.31,329.3 1 0
github.com/drblury/protoflow/internal/runtime/cloudevents_api.go:330.2,330.58 1 0
github.com/drblury/protoflow/internal/runtime/cloudevents_api.go:349.87,350.14 1 0
github.com/drblury/protoflow/internal/runtime/cloudevents_api.go:350.14,352.3 1 0
github.com/drblury/protoflow/internal/runtime/cloudevents_api.go:353.2,353.24 1 0
github.com/drblury/protoflow/internal/runtime/cloudevents_api.go:353.24,355.3 1 0
github.com/drblury/protoflow/internal/runtime/cloudevents_api.go:356.2,356.25 1 0
github.com/drblury/protoflow/internal/runtime/cloudevents_api.go:356.25,358.3 1 0
github.com/drblury/protoflow/internal/runtime/cloudevents_api.go:359.2,359.20 1 0
github.com/drblury/protoflow/internal/runtime/cloudevents_api.go:359.20,361.3 1 0
github.com/drblury/protoflow/internal/runtime/cloudevents_api.go:363.2,364.22 2 0
github.com/drblury/protoflow/internal/runtime/cloudevents_api.go:364.22,366.3 1 0
github.com/drblury/protoflow/internal/runtime/cloudevents_api.go:369.2,369.66 1 0
github.com/drblury/protoflow/internal/runtime/cloudevents_api.go:369.66,372.3 2 0
github.com/drblury/protoflow/internal/runtime/cloudevents_api.go:374.2,374.55 1 0
github.com/drblury/protoflow/internal/runtime/cloudevents_api.go:389.52,390.26 1 0
github.com/drblury/protoflow/internal/runtime/cloudevents_api.go:390.26,392.3 1 0
github.com/drblury/protoflow/internal/runtime/cloudevents_api.go:395.2,395.32 1 0
github.com/drblury/protoflow/internal/runtime/cloudevents_api.go:395.32,397.3 1 0
github.com/drblury/protoflow/internal/runtime/cloudevents_api.go:400.2,401.16 2 0
github.com/drblury/protoflow/internal/runtime/cloudevents_api.go:401.16,403.3 1 0
github.com/drblury/protoflow/internal/runtime/cloudevents_api.go:405.2,405.32 1 0
github.com/drblury/protoflow/internal/runtime/cloudevents_api.go:409.96,410.25 1 0
github.com/drblury/protoflow/internal/runtime/cloudevents_api.go:410.25,412.3 1 0
github.com/drblury/protoflow/internal/runtime/cloudevents_api.go:414.2,417.44 3 0
github.com/drblury/protoflow/internal/runtime/cloudevents_api.go:421.26,423.2 1 0
github.com/drblury/protoflow/internal/runtime/cloudevents_api.go:427.65,428.39 1 0
github.com/drblury/protoflow/internal/runtime/cloudevents_api.go:428.39,430.3 1 0
github.com/drblury/protoflow/internal/runtime/cloudevents_api.go:432.2,433.16 2 0
github.com/drblury/protoflow/internal/runtime/cloudevents_api.go:433.16,435.3 1 0
github.com/drblury/protoflow/internal/runtime/cloudevents_api.go:437.2,445.24 6 0
github.com/drblury/protoflow/internal/runtime/cloudevents_api.go:445.24,447.3 1 0
github.com/drblury/protoflow/internal/runtime/cloudevents_api.go:448.2,448.32 1 0
github.com/drblury/protoflow/internal/runtime/cloudevents_api.go:448.32,450.3 1 0
github.com/drblury/protoflow/internal/runtime/cloudevents_api.go:451.2,451.24 1 0
github.com/drblury/protoflow/internal/runtime/cloudevents_api.go:451.24,453.3 1 0
github.com/drblury/protoflow/internal/runtime/cloudevents_api.go:454.2,454.27 1 0
github.com/drblury/protoflow/internal/runtime/cloudevents_api.go:454.27,456.3 1 0
github.com/drblury/protoflow/internal/runtime/cloudevents_api.go:459.2,459.35 1 0
github.com/drblury/protoflow/internal/runtime/cloudevents_api.go:459.35,460.26 1 0
github.com/drblury/protoflow/internal/runtime/cloudevents_api.go:461.15,462.28 1 0
github.com/drblury/protoflow/internal/runtime/cloudevents_api.go:463.12,464.47 1 0
github.com/drblury/protoflow/internal/runtime/cloudevents_api.go:465.14,466.47 1 0
github.com/drblury/protoflow/internal/runtime/cloudevents_api.go:467.16,468.47 1 0
github.com/drblury/protoflow/internal/runtime/cloudevents_api.go:469.13,470.11 1 0
github.com/drblury/protoflow/internal/runtime/cloudevents_api.go:470.11,472.5 1 0
github.com/drblury/protoflow/internal/runtime/cloudevents_api.go:472.10,474.5 1 0
github.com/drblury/protoflow/internal/runtime/cloudevents_api.go:475.11,476.18 1 0
github.com/drblury/protoflow/internal/runtime/cloudevents_api.go:476.18,478.5 1 0
github.com/drblury/protoflow/internal/runtime/cloudevents_api.go:482.2,482.17 1 0
github.com/drblury/protoflow/internal/runtime/cloudevents_api.go:488.61,491.83 2 0
github.com/drblury/protoflow/internal/runtime/cloudevents_api.go:491.83,492.19 1 0
github.com/drblury/protoflow/internal/runtime/cloudevents_api.go:492.19,494.4 1 0
github.com/drblury/protoflow/internal/runtime/cloudevents_api.go:495.3,495.13 1 0
github.com/drblury/protoflow/internal/runtime/cloudevents_api.go:499.2,506.47 2 0
github.com/drblury/protoflow/internal/runtime/cloudevents_api.go:506.47,508.3 1 0
github.com/drblury/protoflow/internal/runtime/cloudevents_api.go:508.8,508.67 1 0
github.com/drblury/protoflow/internal/runtime/cloudevents_api.go:508.67,510.3 1 0
github.com/drblury/protoflow/internal/runtime/cloudevents_api.go:510.8,512.3 1 0
github.com/drblury/protoflow/internal/runtime/cloudevents_api.go:514.2,514.49 1 0
github.com/drblury/protoflow/internal/runtime/cloudevents_api.go:514.49,516.3 1 0
github.com/drblury/protoflow/internal/runtime/cloudevents_api.go:516.8,516.59 1 0
github.com/drblury/protoflow/internal/runtime/cloudevents_api.go:516.59,518.3 1 0
github.com/drblury/protoflow/internal/runtime/cloudevents_api.go:518.8,520.3 1 0
github.com/drblury/protoflow/internal/runtime/cloudevents_api.go:523.2,523.47 1 0
github.com/drblury/protoflow/internal/runtime/cloudevents_api.go:523.47,524.60 1 0
github.com/drblury/protoflow/internal/runtime/cloudevents_api.go:524.60,526.4 1 0
github.com/drblury/protoflow/internal/runtime/cloudevents_api.go:526.9,526.63 1 0
github.com/drblury/protoflow/internal/runtime/cloudevents_api.go:526.63,528.4 1 0
github.com/drblury/protoflow/internal/runtime/cloudevents_api.go:532.2,535.33 2 0
github.com/drblury/protoflow/internal/runtime/cloudevents_api.go:535.33,536.32 1 0
github.com/drblury/protoflow/internal/runtime/cloudevents_api.go:536.32,538.4 1 0
github.com/drblury/protoflow/internal/runtime/cloudevents_api.go:541.2,541.12 1 0
github.com/drblury/protoflow/internal/runtime/cloudevents_api.go:545.45,546.13 1 0
github.com/drblury/protoflow/internal/runtime/cloudevents_api.go:548.55,549.14 1 0
github.com/drblury/protoflow/internal/runtime/cloudevents_api.go:550.10,551.15 1 0
github.com/drblury/protoflow/internal/runtime/dlq_metrics.go:51.82,61.2 1 1
github.com/drblury/protoflow/internal/runtime/dlq_metrics.go:64.78,74.2 1 1
github.com/drblury/protoflow/internal/runtime/dlq_metrics.go:77.105,88.2 1 1
github.com/drblury/protoflow/internal/runtime/dlq_metrics.go:91.66,92.23 1 1
github.com/drblury/protoflow/internal/runtime/dlq_metrics.go:92.23,94.3 1 1
github.com/drblury/protoflow/internal/runtime/dlq_metrics.go:96.2,105.3 1 1
github.com/drblury/protoflow/internal/runtime/dlq_metrics.go:109.39,113.18 3 1
github.com/drblury/protoflow/internal/runtime/dlq_metrics.go:113.18,115.3 1 1
github.com/drblury/protoflow/internal/runtime/dlq_metrics.go:117.2,126.31 2 1
github.com/drblury/protoflow/internal/runtime/dlq_metrics.go:126.31,127.50 1 1
github.com/drblury/protoflow/internal/runtime/dlq_metrics.go:127.50,129.61 1 0
github.com/drblury/protoflow/internal/runtime/dlq_metrics.go:129.61,131.5 1 0
github.com/drblury/protoflow/internal/runtime/dlq_metrics.go:135.2,136.12 2 1
github.com/drblury/protoflow/internal/runtime/dlq_metrics.go:140.106,149.38 7 1
github.com/drblury/protoflow/internal/runtime/dlq_metrics.go:149.38,151.3 1 1
github.com/drblury/protoflow/internal/runtime/dlq_metrics.go:152.2,162.70 7 1
github.com/drblury/protoflow/internal/runtime/dlq_metrics.go:166.58,172.33 5 1
github.com/drblury/protoflow/internal/runtime/dlq_metrics.go:172.33,174.3 1 1
github.com/drblury/protoflow/internal/runtime/dlq_metrics.go:175.2,178.80 3 1
github.com/drblury/protoflow/internal/runtime/dlq_metrics.go:182.70,188.46 5 1
github.com/drblury/protoflow/internal/runtime/dlq_metrics.go:188.46,190.3 1 1
github.com/drblury/protoflow/internal/runtime/dlq_metrics.go:190.8,192.3 1 1
github.com/drblury/protoflow/internal/runtime/dlq_metrics.go:193.2,196.80 3 1
github.com/drblury/protoflow/internal/runtime/dlq_metrics.go:200.66,209.2 6 1
github.com/drblury/protoflow/internal/runtime/dlq_metrics.go:212.55,221.44 4 1
github.com/drblury/protoflow/internal/runtime/dlq_metrics.go:221.44,237.3 5 1
github.com/drblury/protoflow/internal/runtime/dlq_metrics.go:239.2,239.17 1 1
github.com/drblury/protoflow/internal/runtime/dlq_metrics.go:243.69,247.45 3 1
github.com/drblury/protoflow/internal/runtime/dlq_metrics.go:247.45,259.3 1 1
github.com/drblury/protoflow/internal/runtime/dlq_metrics.go:260.2,260.12 1 1
github.com/drblury/protoflow/internal/runtime/dlq_metrics.go:263.77,264.45 1 1
github.com/drblury/protoflow/internal/runtime/dlq_metrics.go:264.45,266.3 1 1
github.com/drblury/protoflow/internal/runtime/dlq_metrics.go:267.2,269.16 3 1
github.com/drblury/protoflow/internal/runtime/dlq_metrics.go:273.30,284.2 9 1
github.com/drblury/protoflow/internal/runtime/hooks.go:49.50,55.2 1 1
github.com/drblury/protoflow/internal/runtime/hooks.go:57.62,58.14 1 1
github.com/drblury/protoflow/internal/runtime/hooks.go:58.14,60.3 1 0
github.com/drblury/protoflow/internal/runtime/hooks.go:61.2,61.14 1 1
github.com/drblury/protoflow/internal/runtime/hooks.go:61.14,63.3 1 1
github.com/drblury/protoflow/internal/runtime/hooks.go:64.2,64.30 1 1
github.com/drblury/protoflow/internal/runtime/hooks.go:64.30,67.3 2 1
github.com/drblury/protoflow/internal/runtime/hooks.go:70.61,71.14 1 1
github.com/drblury/protoflow/internal/runtime/hooks.go:71.14,73.3 1 1
github.com/drblury/protoflow/internal/runtime/hooks.go:74.2,74.14 1 1
github.com/drblury/protoflow/internal/runtime/hooks.go:74.14,76.3 1 0
github.com/drblury/protoflow/internal/runtime/hooks.go:77.2,77.30 1 1
github.com/drblury/protoflow/internal/runtime/hooks.go:77.30,80.3 2 1
github.com/drblury/protoflow/internal/runtime/hooks.go:83.76,84.14 1 1
github.com/drblury/protoflow/internal/runtime/hooks.go:84.14,86.3 1 1
github.com/drblury/protoflow/internal/runtime/hooks.go:87.2,87.14 1 1
github.com/drblury/protoflow/internal/runtime/hooks.go:87.14,89.3 1 0
github.com/drblury/protoflow/internal/runtime/hooks.go:90.2,90.41 1 1
github.com/drblury/protoflow/internal/runtime/hooks.go:90.41,93.3 2 0
github.com/drblury/protoflow/internal/runtime/hooks.go:98.64,101.64 1 1
github.com/drblury/protoflow/internal/runtime/hooks.go:101.64,103.4 1 0
github.com/drblury/protoflow/internal/runtime/hooks.go:107.67,108.57 1 1
github.com/drblury/protoflow/internal/runtime/hooks.go:108.57,109.65 1 1
github.com/drblury/protoflow/internal/runtime/hooks.go:109.65,114.77 3 1
github.com/drblury/protoflow/internal/runtime/hooks.go:114.77,116.40 1 1
github.com/drblury/protoflow/internal/runtime/hooks.go:116.40,117.50 1 1
github.com/drblury/protoflow/internal/runtime/hooks.go:117.50,119.7 1 1
github.com/drblury/protoflow/internal/runtime/hooks.go:123.4,132.79 2 1
github.com/drblury/protoflow/internal/runtime/hooks.go:132.79,134.5 1 1
github.com/drblury/protoflow/internal/runtime/hooks.go:135.4,135.65 1 1
github.com/drblury/protoflow/internal/runtime/hooks.go:135.65,137.5 1 1
github.com/drblury/protoflow/internal/runtime/hooks.go:140.4,140.31 1 1
github.com/drblury/protoflow/internal/runtime/hooks.go:140.31,142.5 1 1
github.com/drblury/protoflow/internal/runtime/hooks.go:145.4,151.18 3 1
github.com/drblury/protoflow/internal/runtime/hooks.go:151.18,152.32 1 1
github.com/drblury/protoflow/internal/runtime/hooks.go:152.32,154.6 1 1
github.com/drblury/protoflow/internal/runtime/hooks.go:155.10,156.31 1 1
github.com/drblury/protoflow/internal/runtime/hooks.go:156.31,158.6 1 1
github.com/drblury/protoflow/internal/runtime/hooks.go:161.4,161.20 1 1
github.com/drblury/protoflow/internal/runtime/hooks.go:170.13,172.36 1 1
github.com/drblury/protoflow/internal/runtime/hooks.go:172.36,179.4 1 1
github.com/drblury/protoflow/internal/runtime/hooks.go:180.35,187.4 1 1
github.com/drblury/protoflow/internal/runtime/hooks.go:188.47,196.4 1 1
github.com/drblury/protoflow/internal/runtime/hooks.go:201.86,203.36 1 1
github.com/drblury/protoflow/internal/runtime/hooks.go:203.36,204.22 1 1
github.com/drblury/protoflow/internal/runtime/hooks.go:204.22,206.5 1 1
github.com/drblury/protoflow/internal/runtime/hooks.go:208.35,209.21 1 1
github.com/drblury/protoflow/internal/runtime/hooks.go:209.21,211.5 1 1
github.com/drblury/protoflow/internal/runtime/hooks.go:213.47,214.22 1 1
github.com/drblury/protoflow/internal/runtime/hooks.go:214.22,216.5 1 1
github.com/drblury/protoflow/internal/runtime/hooks.go:222.72,226.2 1 1
github.com/drblury/protoflow/internal/runtime/middleware.go:40.71,41.25 1 1
github.com/drblury/protoflow/internal/runtime/middleware.go:41.25,43.3 1 1
github.com/drblury/protoflow/internal/runtime/middleware.go:44.2,44.30 1 1
github.com/drblury/protoflow/internal/runtime/middleware.go:44.30,46.3 1 1
github.com/drblury/protoflow/internal/runtime/middleware.go:47.2,47.26 1 1
github.com/drblury/protoflow/internal/runtime/middleware.go:47.26,49.3 1 1
github.com/drblury/protoflow/internal/runtime/middleware.go:50.2,50.12 1 1
github.com/drblury/protoflow/internal/runtime/middleware.go:54.52,66.2 1 1
github.com/drblury/protoflow/internal/runtime/middleware.go:69.49,72.64 1 1
github.com/drblury/protoflow/internal/runtime/middleware.go:72.64,73.30 1 1
github.com/drblury/protoflow/internal/runtime/middleware.go:73.30,75.5 1 1
github.com/drblury/protoflow/internal/runtime/middleware.go:77.4,85.30 3 1
github.com/drblury/protoflow/internal/runtime/middleware.go:85.30,87.5 1 1
github.com/drblury/protoflow/internal/runtime/middleware.go:89.4,89.63 1 1
github.com/drblury/protoflow/internal/runtime/middleware.go:95.55,98.64 1 1
github.com/drblury/protoflow/internal/runtime/middleware.go:98.64,100.4 1 1
github.com/drblury/protoflow/internal/runtime/middleware.go:105.84,108.64 1 1
github.com/drblury/protoflow/internal/runtime/middleware.go:108.64,110.16 2 1
github.com/drblury/protoflow/internal/runtime/middleware.go:110.16,112.5 1 1
github.com/drblury/protoflow/internal/runtime/middleware.go:113.4,113.16 1 1
github.com/drblury/protoflow/internal/runtime/middleware.go:113.16,115.5 1 1
github.com/drblury/protoflow/internal/runtime/middleware.go:116.4,116.42 1 1
github.com/drblury/protoflow/internal/runtime/middleware.go:122.55,125.64 1 1
github.com/drblury/protoflow/internal/runtime/middleware.go:125.64,127.4 1 1
github.com/drblury/protoflow/internal/runtime/middleware.go:132.48,135.64 1 1
github.com/drblury/protoflow/internal/runtime/middleware.go:135.64,137.4 1 1
github.com/drblury/protoflow/internal/runtime/middleware.go:142.48,145.64 1 1
github.com/drblury/protoflow/internal/runtime/middleware.go:145.64,147.4 1 1
github.com/drblury/protoflow/internal/runtime/middleware.go:152.72,156.64 2 1
github.com/drblury/protoflow/internal/runtime/middleware.go:156.64,158.4 1 1
github.com/drblury/protoflow/internal/runtime/middleware.go:163.76,166.64 1 1
github.com/drblury/protoflow/internal/runtime/middleware.go:166.64,168.16 2 1
github.com/drblury/protoflow/internal/runtime/middleware.go:168.16,169.30 1 1
github.com/drblury/protoflow/internal/runtime/middleware.go:169.30,172.6 2 1
github.com/drblury/protoflow/internal/runtime/middleware.go:174.4,174.42 1 1
github.com/drblury/protoflow/internal/runtime/middleware.go:180.51,185.2 1 1
github.com/drblury/protoflow/internal/runtime/middleware.go:188.72,189.21 1 1
github.com/drblury/protoflow/internal/runtime/middleware.go:189.21,191.3 1 1
github.com/drblury/protoflow/internal/runtime/middleware.go:193.2,194.9 2 1
github.com/drblury/protoflow/internal/runtime/middleware.go:195.29,196.22 1 1
github.com/drblury/protoflow/internal/runtime/middleware.go:197.26,200.17 3 1
github.com/drblury/protoflow/internal/runtime/middleware.go:200.17,202.4 1 1
github.com/drblury/protoflow/internal/runtime/middleware.go:203.10,204.78 1 1
github.com/drblury/protoflow/internal/runtime/middleware.go:207.2,207.15 1 1
github.com/drblury/protoflow/internal/runtime/middleware.go:207.15,209.3 1 1
github.com/drblury/protoflow/internal/runtime/middleware.go:211.2,212.12 2 1
github.com/drblury/protoflow/internal/runtime/middleware.go:216.71,217.57 1 1
github.com/drblury/protoflow/internal/runtime/middleware.go:217.57,218.65 1 1
github.com/drblury/protoflow/internal/runtime/middleware.go:218.65,219.71 1 1
github.com/drblury/protoflow/internal/runtime/middleware.go:219.71,221.5 1 1
github.com/drblury/protoflow/internal/runtime/middleware.go:222.4,222.17 1 1
github.com/drblury/protoflow/internal/runtime/middleware.go:228.71,229.24 1 1
github.com/drblury/protoflow/internal/runtime/middleware.go:229.24,230.58 1 1
github.com/drblury/protoflow/internal/runtime/middleware.go:230.58,232.4 1 1
github.com/drblury/protoflow/internal/runtime/middleware.go:236.2,236.60 1 1
github.com/drblury/protoflow/internal/runtime/middleware.go:236.60,237.22 1 1
github.com/drblury/protoflow/internal/runtime/middleware.go:237.22,239.4 1 0
github.com/drblury/protoflow/internal/runtime/middleware.go:241.2,241.71 1 1
github.com/drblury/protoflow/internal/runtime/middleware.go:241.71,242.22 1 1
github.com/drblury/protoflow/internal/runtime/middleware.go:242.22,244.4 1 0
github.com/drblury/protoflow/internal/runtime/middleware.go:247.2,247.57 1 1
github.com/drblury/protoflow/internal/runtime/middleware.go:247.57,248.65 1 1
github.com/drblury/protoflow/internal/runtime/middleware.go:248.65,250.11 2 1
github.com/drblury/protoflow/internal/runtime/middleware.go:250.11,253.5 2 1
github.com/drblury/protoflow/internal/runtime/middleware.go:255.4,258.11 4 1
github.com/drblury/protoflow/internal/runtime/middleware.go:258.11,265.5 3 1
github.com/drblury/protoflow/internal/runtime/middleware.go:267.4,268.69 2 1
github.com/drblury/protoflow/internal/runtime/middleware.go:268.69,274.5 2 1
github.com/drblury/protoflow/internal/runtime/middleware.go:275.4,275.57 1 1
github.com/drblury/protoflow/internal/runtime/middleware.go:275.57,281.5 2 1
github.com/drblury/protoflow/internal/runtime/middleware.go:282.4,282.17 1 1
github.com/drblury/protoflow/internal/runtime/middleware.go:288.110,289.19 1 1
github.com/drblury/protoflow/internal/runtime/middleware.go:289.19,291.3 1 1
github.com/drblury/protoflow/internal/runtime/middleware.go:292.2,292.24 1 1
github.com/drblury/protoflow/internal/runtime/middleware.go:292.24,294.3 1 1
github.com/drblury/protoflow/internal/runtime/middleware.go:296.2,301.16 2 1
github.com/drblury/protoflow/internal/runtime/middleware.go:301.16,303.3 1 1
github.com/drblury/protoflow/internal/runtime/middleware.go:305.2,305.16 1 1
github.com/drblury/protoflow/internal/runtime/middleware.go:309.100,310.57 1 1
github.com/drblury/protoflow/internal/runtime/middleware.go:310.57,311.65 1 1
github.com/drblury/protoflow/internal/runtime/middleware.go:311.65,318.4 2 1
github.com/drblury/protoflow/internal/runtime/middleware.go:323.64,324.57 1 1
github.com/drblury/protoflow/internal/runtime/middleware.go:324.57,325.65 1 1
github.com/drblury/protoflow/internal/runtime/middleware.go:325.65,326.23 1 1
github.com/drblury/protoflow/internal/runtime/middleware.go:326.23,328.5 1 1
github.com/drblury/protoflow/internal/runtime/middleware.go:330.4,331.18 2 1
github.com/drblury/protoflow/internal/runtime/middleware.go:331.18,333.5 1 1
github.com/drblury/protoflow/internal/runtime/middleware.go:335.4,335.34 1 1
github.com/drblury/protoflow/internal/runtime/middleware.go:335.34,337.5 1 1
github.com/drblury/protoflow/internal/runtime/middleware.go:339.4,339.44 1 1
github.com/drblury/protoflow/internal/runtime/middleware.go:339.44,341.24 2 1
github.com/drblury/protoflow/internal/runtime/middleware.go:341.24,343.6 1 1
github.com/drblury/protoflow/internal/runtime/middleware.go:344.5,344.120 1 1
github.com/drblury/protoflow/internal/runtime/middleware.go:344.120,346.6 1 1
github.com/drblury/protoflow/internal/runtime/middleware.go:349.4,349.32 1 1
github.com/drblury/protoflow/internal/runtime/middleware.go:355.63,357.2 1 1
github.com/drblury/protoflow/internal/runtime/middleware.go:359.98,365.57 2 1
github.com/drblury/protoflow/internal/runtime/middleware.go:365.57,366.33 1 1
github.com/drblury/protoflow/internal/runtime/middleware.go:366.33,368.5 1 0
github.com/drblury/protoflow/internal/runtime/middleware.go:369.4,369.15 1 1
github.com/drblury/protoflow/internal/runtime/middleware.go:375.64,376.57 1 1
github.com/drblury/protoflow/internal/runtime/middleware.go:376.57,377.65 1 1
github.com/drblury/protoflow/internal/runtime/middleware.go:377.65,391.4 6 1
github.com/drblury/protoflow/internal/runtime/models.go:30.50,32.2 1 1
github.com/drblury/protoflow/internal/runtime/models.go:128.103,143.24 2 1
github.com/drblury/protoflow/internal/runtime/models.go:143.24,145.3 1 1
github.com/drblury/protoflow/internal/runtime/models.go:146.2,146.24 1 1
github.com/drblury/protoflow/internal/runtime/models.go:146.24,148.3 1 1
github.com/drblury/protoflow/internal/runtime/models.go:150.2,150.14 1 1
github.com/drblury/protoflow/internal/runtime/models.go:153.51,158.30 2 1
github.com/drblury/protoflow/internal/runtime/models.go:158.30,160.3 1 0
github.com/drblury/protoflow/internal/runtime/models.go:161.2,161.51 1 1
github.com/drblury/protoflow/internal/runtime/models.go:169.86,176.48 5 1
github.com/drblury/protoflow/internal/runtime/models.go:176.48,178.3 1 1
github.com/drblury/protoflow/internal/runtime/models.go:180.2,183.3 1 1
github.com/drblury/protoflow/internal/runtime/models.go:186.133,190.28 3 1
github.com/drblury/protoflow/internal/runtime/models.go:190.28,192.3 1 1
github.com/drblury/protoflow/internal/runtime/models.go:193.2,193.25 1 1
github.com/drblury/protoflow/internal/runtime/models.go:193.25,195.3 1 1
github.com/drblury/protoflow/internal/runtime/models.go:196.2,196.29 1 1
github.com/drblury/protoflow/internal/runtime/models.go:196.29,198.3 1 1
github.com/drblury/protoflow/internal/runtime/models.go:200.2,201.16 2 1
github.com/drblury/protoflow/internal/runtime/models.go:201.16,203.3 1 1
github.com/drblury/protoflow/internal/runtime/models.go:204.2,207.28 3 1
github.com/drblury/protoflow/internal/runtime/models.go:207.28,211.30 4 1
github.com/drblury/protoflow/internal/runtime/models.go:211.30,213.4 1 1
github.com/drblury/protoflow/internal/runtime/models.go:214.3,214.23 1 1
github.com/drblury/protoflow/internal/runtime/models.go:217.2,217.31 1 1
github.com/drblury/protoflow/internal/runtime/models.go:217.31,222.3 4 1
github.com/drblury/protoflow/internal/runtime/models.go:223.2,225.23 2 1
github.com/drblury/protoflow/internal/runtime/models.go:225.23,227.3 1 1
github.com/drblury/protoflow/internal/runtime/models.go:228.2,231.30 3 1
github.com/drblury/protoflow/internal/runtime/models.go:231.30,233.3 1 1
github.com/drblury/protoflow/internal/runtime/models.go:235.2,236.26 2 1
github.com/drblury/protoflow/internal/runtime/models.go:236.26,239.17 3 1
github.com/drblury/protoflow/internal/runtime/models.go:239.17,242.4 2 1
github.com/drblury/protoflow/internal/runtime/models.go:243.3,243.92 1 1
github.com/drblury/protoflow/internal/runtime/models.go:247.80,248.16 1 1
github.com/drblury/protoflow/internal/runtime/models.go:248.16,250.3 1 0
github.com/drblury/protoflow/internal/runtime/models.go:251.2,252.9 2 1
github.com/drblury/protoflow/internal/runtime/models.go:252.9,256.3 3 0
github.com/drblury/protoflow/internal/runtime/models.go:257.2,261.27 5 1
github.com/drblury/protoflow/internal/runtime/models.go:264.63,265.16 1 1
github.com/drblury/protoflow/internal/runtime/models.go:265.16,267.3 1 0
github.com/drblury/protoflow/internal/runtime/models.go:268.2,270.19 3 1
github.com/drblury/protoflow/internal/runtime/models.go:273.66,274.17 1 1
github.com/drblury/protoflow/internal/runtime/models.go:274.17,276.3 1 0
github.com/drblury/protoflow/internal/runtime/models.go:277.2,278.15 2 1
github.com/drblury/protoflow/internal/runtime/models.go:278.15,280.3 1 1
github.com/drblury/protoflow/internal/runtime/models.go:281.2,282.16 2 1
github.com/drblury/protoflow/internal/runtime/models.go:282.16,284.3 1 0
github.com/drblury/protoflow/internal/runtime/models.go:285.2,285.15 1 1
github.com/drblury/protoflow/internal/runtime/models.go:288.64,289.17 1 1
github.com/drblury/protoflow/internal/runtime/models.go:289.17,291.3 1 0
github.com/drblury/protoflow/internal/runtime/models.go:292.2,293.15 2 1
github.com/drblury/protoflow/internal/runtime/models.go:293.15,295.3 1 1
github.com/drblury/protoflow/internal/runtime/models.go:296.2,297.16 2 1
github.com/drblury/protoflow/internal/runtime/models.go:297.16,299.3 1 0
github.com/drblury/protoflow/internal/runtime/models.go:300.2,301.13 2 1
github.com/drblury/protoflow/internal/runtime/models.go:301.13,303.3 1 0
github.com/drblury/protoflow/internal/runtime/models.go:304.2,304.12 1 1
github.com/drblury/protoflow/internal/runtime/models.go:307.54,313.2 4 1
github.com/drblury/protoflow/internal/runtime/models.go:315.68,316.18 1 1
github.com/drblury/protoflow/internal/runtime/models.go:317.25,318.17 1 0
github.com/drblury/protoflow/internal/runtime/models.go:318.17,320.4 1 0
github.com/drblury/protoflow/internal/runtime/models.go:321.3,321.12 1 0
github.com/drblury/protoflow/internal/runtime/models.go:322.31,323.17 1 0
github.com/drblury/protoflow/internal/runtime/models.go:324.30,325.16 1 0
github.com/drblury/protoflow/internal/runtime/models.go:326.31,327.17 1 0
github.com/drblury/protoflow/internal/runtime/models.go:328.10,329.12 1 1
github.com/drblury/protoflow/internal/runtime/models.go:331.2,331.16 1 1
github.com/drblury/protoflow/internal/runtime/models.go:331.16,333.3 1 1
github.com/drblury/protoflow/internal/runtime/models.go:343.48,344.15 1 1
github.com/drblury/protoflow/internal/runtime/models.go:344.15,346.3 1 0
github.com/drblury/protoflow/internal/runtime/models.go:347.2,347.53 1 1
github.com/drblury/protoflow/internal/runtime/models.go:350.47,351.39 1 1
github.com/drblury/protoflow/internal/runtime/models.go:351.39,353.3 1 0
github.com/drblury/protoflow/internal/runtime/models.go:354.2,357.33 4 1
github.com/drblury/protoflow/internal/runtime/models.go:357.33,359.3 1 1
github.com/drblury/protoflow/internal/runtime/models.go:362.52,364.15 2 1
github.com/drblury/protoflow/internal/runtime/models.go:364.15,366.3 1 0
github.com/drblury/protoflow/internal/runtime/models.go:367.2,367.20 1 1
github.com/drblury/protoflow/internal/runtime/models.go:367.20,370.3 2 0
github.com/drblury/protoflow/internal/runtime/models.go:371.2,372.33 2 1
github.com/drblury/protoflow/internal/runtime/models.go:372.33,374.14 2 1
github.com/drblury/protoflow/internal/runtime/models.go:374.14,376.4 1 0
github.com/drblury/protoflow/internal/runtime/models.go:377.3,377.31 1 1
github.com/drblury/protoflow/internal/runtime/models.go:379.2,379.42 1 1
github.com/drblury/protoflow/internal/runtime/models.go:379.42,379.76 1 0
github.com/drblury/protoflow/internal/runtime/models.go:380.2,385.28 6 1
github.com/drblury/protoflow/internal/runtime/models.go:385.28,387.3 1 1
github.com/drblury/protoflow/internal/runtime/models.go:388.2,390.16 3 1
github.com/drblury/protoflow/internal/runtime/models.go:393.58,394.23 1 1
github.com/drblury/protoflow/internal/runtime/models.go:394.23,396.3 1 0
github.com/drblury/protoflow/internal/runtime/models.go:397.2,397.19 1 1
github.com/drblury/protoflow/internal/runtime/models.go:397.19,399.3 1 0
github.com/drblury/protoflow/internal/runtime/models.go:400.2,400.19 1 1
github.com/drblury/protoflow/internal/runtime/models.go:400.19,402.3 1 0
github.com/drblury/protoflow/internal/runtime/models.go:403.2,406.20 4 1
github.com/drblury/protoflow/internal/runtime/models.go:406.20,408.3 1 1
github.com/drblury/protoflow/internal/runtime/models.go:409.2,410.76 2 0
github.com/drblury/protoflow/internal/runtime/models.go:424.67,429.2 1 1
github.com/drblury/protoflow/internal/runtime/models.go:431.78,432.15 1 1
github.com/drblury/protoflow/internal/runtime/models.go:432.15,434.3 1 0
github.com/drblury/protoflow/internal/runtime/models.go:435.2,437.25 3 1
github.com/drblury/protoflow/internal/runtime/models.go:440.52,441.39 1 1
github.com/drblury/protoflow/internal/runtime/models.go:441.39,443.3 1 0
github.com/drblury/protoflow/internal/runtime/models.go:444.2,446.62 3 1
github.com/drblury/protoflow/internal/runtime/models.go:446.62,448.3 1 0
github.com/drblury/protoflow/internal/runtime/models.go:449.2,449.13 1 1
github.com/drblury/protoflow/internal/runtime/models.go:449.13,452.3 2 0
github.com/drblury/protoflow/internal/runtime/models.go:455.72,456.39 1 1
github.com/drblury/protoflow/internal/runtime/models.go:456.39,458.3 1 0
github.com/drblury/protoflow/internal/runtime/models.go:459.2,460.15 2 1
github.com/drblury/protoflow/internal/runtime/models.go:460.15,462.3 1 1
github.com/drblury/protoflow/internal/runtime/models.go:463.2,468.3 2 1
github.com/drblury/protoflow/internal/runtime/models.go:471.54,472.16 1 1
github.com/drblury/protoflow/internal/runtime/models.go:472.16,474.3 1 0
github.com/drblury/protoflow/internal/runtime/models.go:475.2,476.36 2 1
github.com/drblury/protoflow/internal/runtime/models.go:476.36,478.3 1 0
github.com/drblury/protoflow/internal/runtime/models.go:479.2,479.82 1 1
github.com/drblury/protoflow/internal/runtime/models.go:479.82,481.3 1 0
github.com/drblury/protoflow/internal/runtime/models.go:482.2,482.27 1 1
github.com/drblury/protoflow/internal/runtime/prototypes.go:9.52,12.2 2 1
github.com/drblury/protoflow/internal/runtime/prototypes.go:15.44,17.16 2 1
github.com/drblury/protoflow/internal/runtime/prototypes.go:17.16,18.13 1 1
github.com/drblury/protoflow/internal/runtime/prototypes.go:20.2,20.12 1 1
github.com/drblury/protoflow/internal/runtime/publisher.go:29.104,30.18 1 1
github.com/drblury/protoflow/internal/runtime/publisher.go:30.18,32.3 1 1
github.com/drblury/protoflow/internal/runtime/publisher.go:34.2,35.16 2 1
github.com/drblury/protoflow/internal/runtime/publisher.go:35.16,37.3 1 1
github.com/drblury/protoflow/internal/runtime/publisher.go:39.2,42.17 4 1
github.com/drblury/protoflow/internal/runtime/publisher.go:46.141,47.22 1 1
github.com/drblury/protoflow/internal/runtime/publisher.go:47.22,49.3 1 1
github.com/drblury/protoflow/internal/runtime/publisher.go:50.2,50.17 1 1
github.com/drblury/protoflow/internal/runtime/publisher.go:50.17,52.3 1 1
github.com/drblury/protoflow/internal/runtime/publisher.go:54.2,55.16 2 1
github.com/drblury/protoflow/internal/runtime/publisher.go:55.16,57.3 1 1
github.com/drblury/protoflow/internal/runtime/publisher.go:59.2,59.16 1 1
github.com/drblury/protoflow/internal/runtime/publisher.go:59.16,61.3 1 1
github.com/drblury/protoflow/internal/runtime/publisher.go:63.2,63.38 1 1
github.com/drblury/protoflow/internal/runtime/publisher.go:68.125,69.14 1 1
github.com/drblury/protoflow/internal/runtime/publisher.go:69.14,71.3 1 1
github.com/drblury/protoflow/internal/runtime/publisher.go:72.2,72.63 1 1
github.com/drblury/protoflow/internal/runtime/registration.go:34.81,35.16 1 1
github.com/drblury/protoflow/internal/runtime/registration.go:35.16,37.3 1 1
github.com/drblury/protoflow/internal/runtime/registration.go:39.2,46.4 1 1
github.com/drblury/protoflow/internal/runtime/registration.go:49.66,50.24 1 1
github.com/drblury/protoflow/internal/runtime/registration.go:50.24,52.3 1 1
github.com/drblury/protoflow/internal/runtime/registration.go:53.2,53.28 1 1
github.com/drblury/protoflow/internal/runtime/registration.go:53.28,55.3 1 1
github.com/drblury/protoflow/internal/runtime/registration.go:56.2,56.27 1 1
github.com/drblury/protoflow/internal/runtime/registration.go:56.27,58.3 1 1
github.com/drblury/protoflow/internal/runtime/registration.go:59.2,59.26 1 1
github.com/drblury/protoflow/internal/runtime/registration.go:59.26,61.3 1 1
github.com/drblury/protoflow/internal/runtime/registration.go:62.2,62.35 1 1
github.com/drblury/protoflow/internal/runtime/registration.go:62.35,64.21 2 1
github.com/drblury/protoflow/internal/runtime/registration.go:64.21,66.4 1 1
github.com/drblury/protoflow/internal/runtime/registration.go:68.2,68.20 1 1
github.com/drblury/protoflow/internal/runtime/registration.go:68.20,70.3 1 1
github.com/drblury/protoflow/internal/runtime/registration.go:72.2,95.12 8 1
github.com/drblury/protoflow/internal/runtime/registration.go:99.59,101.2 1 1
github.com/drblury/protoflow/internal/runtime/registration.go:103.56,104.16 1 1
github.com/drblury/protoflow/internal/runtime/registration.go:104.16,106.3 1 1
github.com/drblury/protoflow/internal/runtime/registration.go:108.2,111.51 3 1
github.com/drblury/protoflow/internal/runtime/registration.go:111.51,113.3 1 1
github.com/drblury/protoflow/internal/runtime/registration.go:114.2,114.28 1 1
github.com/drblury/protoflow/internal/runtime/registration.go:117.125,118.64 1 1
github.com/drblury/protoflow/internal/runtime/registration.go:118.64,127.3 6 1
github.com/drblury/protoflow/internal/runtime/registration_json.go:9.106,10.16 1 1
github.com/drblury/protoflow/internal/runtime/registration_json.go:10.16,12.3 1 1
github.com/drblury/protoflow/internal/runtime/registration_json.go:14.2,15.16 2 1
github.com/drblury/protoflow/internal/runtime/registration_json.go:15.16,17.3 1 1
github.com/drblury/protoflow/internal/runtime/registration_json.go:19.2,24.4 1 1
github.com/drblury/protoflow/internal/runtime/registration_proto.go:10.108,11.16 1 1
github.com/drblury/protoflow/internal/runtime/registration_proto.go:11.16,13.3 1 1
github.com/drblury/protoflow/internal/runtime/registration_proto.go:15.2,17.16 3 1
github.com/drblury/protoflow/internal/runtime/registration_proto.go:17.16,19.3 1 0
github.com/drblury/protoflow/internal/runtime/registration_proto.go:21.2,24.50 3 1
github.com/drblury/protoflow/internal/runtime/registration_proto.go:24.50,25.44 1 1
github.com/drblury/protoflow/internal/runtime/registration_proto.go:25.44,27.4 1 1
github.com/drblury/protoflow/internal/runtime/registration_proto.go:30.2,31.16 2 1
github.com/drblury/protoflow/internal/runtime/registration_proto.go:31.16,33.3 1 1
github.com/drblury/protoflow/internal/runtime/registration_proto.go:35.2,41.17 1 1
github.com/drblury/protoflow/internal/runtime/registration_proto.go:41.17,43.3 1 1
github.com/drblury/protoflow/internal/runtime/registration_proto.go:45.2,45.62 1 1
github.com/drblury/protoflow/internal/runtime/registration_proto.go:45.62,47.3 1 1
github.com/drblury/protoflow/internal/runtime/registration_proto.go:49.2,49.12 1 1
github.com/drblury/protoflow/internal/runtime/resources.go:19.44,24.2 1 1
github.com/drblury/protoflow/internal/runtime/resources.go:26.52,27.14 1 1
github.com/drblury/protoflow/internal/runtime/resources.go:27.14,29.3 1 1
github.com/drblury/protoflow/internal/runtime/resources.go:31.2,34.25 3 1
github.com/drblury/protoflow/internal/runtime/resources.go:34.25,36.3 1 1
github.com/drblury/protoflow/internal/runtime/resources.go:38.2,42.13 5 1
github.com/drblury/protoflow/internal/runtime/resources.go:42.13,44.3 1 0
github.com/drblury/protoflow/internal/runtime/resources.go:45.2,48.39 3 1
github.com/drblury/protoflow/internal/runtime/resources.go:48.39,51.36 3 0
github.com/drblury/protoflow/internal/runtime/resources.go:51.36,53.4 1 0
github.com/drblury/protoflow/internal/runtime/resources.go:56.2,56.13 1 1
github.com/drblury/protoflow/internal/runtime/resources.go:56.13,58.3 1 0
github.com/drblury/protoflow/internal/runtime/resources.go:59.2,68.3 4 1
github.com/drblury/protoflow/internal/runtime/service.go:20.73,22.2 1 1
github.com/drblury/protoflow/internal/runtime/service.go:78.127,80.16 2 1
github.com/drblury/protoflow/internal/runtime/service.go:80.16,81.13 1 1
github.com/drblury/protoflow/internal/runtime/service.go:83.2,83.12 1 1
github.com/drblury/protoflow/internal/runtime/service.go:88.139,89.17 1 1
github.com/drblury/protoflow/internal/runtime/service.go:89.17,91.3 1 0
github.com/drblury/protoflow/internal/runtime/service.go:92.2,92.16 1 1
github.com/drblury/protoflow/internal/runtime/service.go:92.16,94.3 1 0
github.com/drblury/protoflow/internal/runtime/service.go:97.2,97.40 1 1
github.com/drblury/protoflow/internal/runtime/service.go:97.40,99.3 1 1
github.com/drblury/protoflow/internal/runtime/service.go:101.2,117.33 4 1
github.com/drblury/protoflow/internal/runtime/service.go:117.33,119.3 1 0
github.com/drblury/protoflow/internal/runtime/service.go:119.8,121.3 1 1
github.com/drblury/protoflow/internal/runtime/service.go:123.2,124.20 2 1
github.com/drblury/protoflow/internal/runtime/service.go:124.20,126.3 1 1
github.com/drblury/protoflow/internal/runtime/service.go:127.2,128.16 2 1
github.com/drblury/protoflow/internal/runtime/service.go:128.16,130.3 1 1
github.com/drblury/protoflow/internal/runtime/service.go:132.2,136.16 4 1
github.com/drblury/protoflow/internal/runtime/service.go:136.16,138.3 1 0
github.com/drblury/protoflow/internal/runtime/service.go:140.2,145.15 4 1
github.com/drblury/protoflow/internal/runtime/service.go:149.52,155.12 4 1
github.com/drblury/protoflow/internal/runtime/service.go:155.12,158.3 2 1
github.com/drblury/protoflow/internal/runtime/service.go:160.2,160.33 1 1
github.com/drblury/protoflow/internal/runtime/service.go:164.26,165.25 1 1
github.com/drblury/protoflow/internal/runtime/service.go:165.25,167.3 1 1
github.com/drblury/protoflow/internal/runtime/service.go:168.2,168.21 1 1
github.com/drblury/protoflow/internal/runtime/service.go:171.75,173.37 2 1
github.com/drblury/protoflow/internal/runtime/service.go:173.37,175.3 1 1
github.com/drblury/protoflow/internal/runtime/service.go:176.2,180.36 4 1
github.com/drblury/protoflow/internal/runtime/service.go:180.36,181.51 1 1
github.com/drblury/protoflow/internal/runtime/service.go:181.51,183.18 2 1
github.com/drblury/protoflow/internal/runtime/service.go:183.18,185.5 1 0
github.com/drblury/protoflow/internal/runtime/service.go:186.4,186.73 1 1
github.com/drblury/protoflow/internal/runtime/service.go:191.56,192.30 1 1
github.com/drblury/protoflow/internal/runtime/service.go:192.30,194.3 1 1
github.com/drblury/protoflow/internal/runtime/service.go:195.2,195.26 1 0
github.com/drblury/protoflow/internal/runtime/service.go:198.57,199.30 1 1
github.com/drblury/protoflow/internal/runtime/service.go:199.30,201.3 1 1
github.com/drblury/protoflow/internal/runtime/service.go:202.2,202.26 1 1
github.com/drblury/protoflow/internal/runtime/service.go:207.94,208.14 1 0
github.com/drblury/protoflow/internal/runtime/service.go:208.14,210.3 1 0
github.com/drblury/protoflow/internal/runtime/service.go:211.2,211.24 1 0
github.com/drblury/protoflow/internal/runtime/service.go:211.24,213.3 1 0
github.com/drblury/protoflow/internal/runtime/service.go:214.2,214.17 1 0
github.com/drblury/protoflow/internal/runtime/service.go:214.17,216.3 1 0
github.com/drblury/protoflow/internal/runtime/service.go:217.2,217.27 1 0
github.com/drblury/protoflow/internal/runtime/service.go:217.27,218.17 1 0
github.com/drblury/protoflow/internal/runtime/service.go:218.17,220.4 1 0
github.com/drblury/protoflow/internal/runtime/service.go:222.2,222.44 1 0
github.com/drblury/protoflow/internal/runtime/service.go:225.87,229.26 3 1
github.com/drblury/protoflow/internal/runtime/service.go:229.26,231.3 1 1
github.com/drblury/protoflow/internal/runtime/service.go:233.2,234.9 2 1
github.com/drblury/protoflow/internal/runtime/service.go:234.9,237.3 2 1
github.com/drblury/protoflow/internal/runtime/service.go:239.2,239.30 1 1
github.com/drblury/protoflow/internal/runtime/service.go:242.38,246.39 3 1
github.com/drblury/protoflow/internal/runtime/service.go:246.39,260.29 5 1
github.com/drblury/protoflow/internal/runtime/service.go:260.29,261.78 1 1
github.com/drblury/protoflow/internal/runtime/service.go:261.78,263.5 1 0
github.com/drblury/protoflow/internal/runtime/service.go:268.37,272.39 3 1
github.com/drblury/protoflow/internal/runtime/service.go:272.39,274.43 2 1
github.com/drblury/protoflow/internal/runtime/service.go:274.43,276.4 1 0
github.com/drblury/protoflow/internal/runtime/service.go:277.3,277.11 1 1
github.com/drblury/protoflow/internal/runtime/service.go:279.2,279.24 1 1
github.com/drblury/protoflow/internal/runtime/webui.go:9.38,10.26 1 1
github.com/drblury/protoflow/internal/runtime/webui.go:10.26,12.3 1 1
github.com/drblury/protoflow/internal/runtime/webui.go:14.2,15.15 2 1
github.com/drblury/protoflow/internal/runtime/webui.go:15.15,17.3 1 1
github.com/drblury/protoflow/internal/runtime/webui.go:19.2,19.85 1 1
github.com/drblury/protoflow/internal/runtime/webui.go:22.77,29.62 4 1
github.com/drblury/protoflow/internal/runtime/webui.go:29.62,32.26 3 1
github.com/drblury/protoflow/internal/runtime/webui.go:32.26,36.4 3 1
github.com/drblury/protoflow/internal/runtime/webui.go:40.2,40.36 1 1
github.com/drblury/protoflow/internal/runtime/webui.go:40.36,43.3 2 1
github.com/drblury/protoflow/internal/runtime/webui.go:45.2,45.62 1 1
github.com/drblury/protoflow/internal/runtime/webui.go:45.62,48.3 2 0
github.com/drblury/protoflow/internal/runtime/webui.go:53.69,54.19 1 1
github.com/drblury/protoflow/internal/runtime/webui.go:54.19,56.3 1 1
github.com/drblury/protoflow/internal/runtime/webui.go:57.2,57.57 1 1
github.com/drblury/protoflow/internal/runtime/webui.go:57.57,58.21 1 1
github.com/drblury/protoflow/internal/runtime/webui.go:58.21,60.4 1 1
github.com/drblury/protoflow/internal/runtime/webui.go:61.3,61.48 1 1
github.com/drblury/protoflow/internal/runtime/webui.go:61.48,63.4 1 1
github.com/drblury/protoflow/internal/runtime/webui.go:65.2,65.11 1 1
